<?xml version="1.0" encoding="UTF-8"?>
<!-- Generated by org.testng.reporters.JUnitXMLReporter -->
<testsuite ignored="0" hostname="LAPTOP-0STQ7AK3" failures="0" tests="4" name="Default test" time="14.347" errors="0" timestamp="2024-10-27T15:02:34 EDT">
  <testcase classname="io.cucumber.testng.AbstractTestNGCucumberTests" name="runScenario" time="5.468"/>
  <testcase classname="io.cucumber.testng.AbstractTestNGCucumberTests" name="runScenario" time="4.399"/>
  <testcase classname="io.cucumber.testng.AbstractTestNGCucumberTests" name="runScenario" time="4.14"/>
  <testcase classname="com.testrun.Runner" name="setup3" time="0.001"/>
</testsuite> <!-- Default test -->
